0 verbose cli C:\Program Files\nodejs\node.exe C:\Users\Phil\AppData\Roaming\npm\node_modules\npm\bin\npm-cli.js
1 info using npm@8.15.1
2 info using node@v16.14.2
3 timing npm:load:whichnode Completed in 0ms
4 timing config:load:defaults Completed in 2ms
5 timing config:load:file:C:\Users\Phil\AppData\Roaming\npm\node_modules\npm\npmrc Completed in 2ms
6 timing config:load:builtin Completed in 2ms
7 timing config:load:cli Completed in 1ms
8 timing config:load:env Completed in 0ms
9 timing config:load:file:C:\Users\Phil\.me\Personal-Projects\campaign-tracker\.npmrc Completed in 1ms
10 timing config:load:project Completed in 3ms
11 timing config:load:file:C:\Users\Phil\.npmrc Completed in 0ms
12 timing config:load:user Completed in 0ms
13 timing config:load:file:C:\Users\Phil\AppData\Roaming\npm\etc\npmrc Completed in 0ms
14 timing config:load:global Completed in 0ms
15 timing config:load:validate Completed in 0ms
16 timing config:load:credentials Completed in 1ms
17 timing config:load:setEnvs Completed in 1ms
18 timing config:load Completed in 12ms
19 timing npm:load:configload Completed in 12ms
20 timing npm:load:mkdirpcache Completed in 1ms
21 timing npm:load:mkdirplogs Completed in 0ms
22 verbose title npm i
23 verbose argv "i" "--offline"
24 timing npm:load:setTitle Completed in 1ms
25 timing config:load:flatten Completed in 3ms
26 timing npm:load:display Completed in 4ms
27 verbose logfile logs-max:10 dir:C:\Users\Phil\.me\Personal-Projects\campaign-tracker\node_cache\_logs
28 verbose logfile C:\Users\Phil\.me\Personal-Projects\campaign-tracker\node_cache\_logs\2022-07-28T21_03_30_079Z-debug-0.log
29 timing npm:load:logFile Completed in 8ms
30 timing npm:load:timers Completed in 1ms
31 timing npm:load:configScope Completed in 0ms
32 timing npm:load Completed in 27ms
33 timing arborist:ctor Completed in 0ms
34 silly logfile start cleaning logs, removing 2 files
35 silly logfile done cleaning log files
36 timing idealTree:init Completed in 515ms
37 timing idealTree:userRequests Completed in 0ms
38 silly idealTree buildDeps
39 timing idealTree:#root Completed in 0ms
40 timing idealTree:buildDeps Completed in 1ms
41 timing idealTree:fixDepFlags Completed in 0ms
42 timing idealTree Completed in 525ms
43 timing arborist:ctor Completed in 0ms
44 timing reify:loadTrees Completed in 876ms
45 timing reify:diffTrees Completed in 27ms
46 silly reify moves {}
47 timing reify:retireShallow Completed in 1ms
48 timing reify:createSparse Completed in 13ms
49 timing reify:loadBundles Completed in 0ms
50 silly audit report null
51 timing reify:audit Completed in 2ms
52 verbose reify failed optional dependency C:\Users\Phil\.me\Personal-Projects\campaign-tracker\node_modules\nice-napi
53 silly reify mark deleted [
53 silly reify   'C:\\Users\\Phil\\.me\\Personal-Projects\\campaign-tracker\\node_modules\\nice-napi'
53 silly reify ]
54 verbose reify failed optional dependency C:\Users\Phil\.me\Personal-Projects\campaign-tracker\node_modules\node-addon-api
55 silly reify mark deleted [
55 silly reify   'C:\\Users\\Phil\\.me\\Personal-Projects\\campaign-tracker\\node_modules\\node-addon-api'
55 silly reify ]
56 verbose reify failed optional dependency C:\Users\Phil\.me\Personal-Projects\campaign-tracker\node_modules\node-gyp-build
57 silly reify mark deleted [
57 silly reify   'C:\\Users\\Phil\\.me\\Personal-Projects\\campaign-tracker\\node_modules\\node-gyp-build',
57 silly reify   'C:\\Users\\Phil\\.me\\Personal-Projects\\campaign-tracker\\node_modules\\.bin\\node-gyp-build',
57 silly reify   'C:\\Users\\Phil\\.me\\Personal-Projects\\campaign-tracker\\node_modules\\.bin\\node-gyp-build.cmd',
57 silly reify   'C:\\Users\\Phil\\.me\\Personal-Projects\\campaign-tracker\\node_modules\\.bin\\node-gyp-build.ps1',
57 silly reify   'C:\\Users\\Phil\\.me\\Personal-Projects\\campaign-tracker\\node_modules\\.bin\\node-gyp-build-optional',
57 silly reify   'C:\\Users\\Phil\\.me\\Personal-Projects\\campaign-tracker\\node_modules\\.bin\\node-gyp-build-optional.cmd',
57 silly reify   'C:\\Users\\Phil\\.me\\Personal-Projects\\campaign-tracker\\node_modules\\.bin\\node-gyp-build-optional.ps1',
57 silly reify   'C:\\Users\\Phil\\.me\\Personal-Projects\\campaign-tracker\\node_modules\\.bin\\node-gyp-build-test',
57 silly reify   'C:\\Users\\Phil\\.me\\Personal-Projects\\campaign-tracker\\node_modules\\.bin\\node-gyp-build-test.cmd',
57 silly reify   'C:\\Users\\Phil\\.me\\Personal-Projects\\campaign-tracker\\node_modules\\.bin\\node-gyp-build-test.ps1'
57 silly reify ]
58 verbose reify failed optional dependency C:\Users\Phil\.me\Personal-Projects\campaign-tracker\node_modules\fsevents
59 silly reify mark deleted [
59 silly reify   'C:\\Users\\Phil\\.me\\Personal-Projects\\campaign-tracker\\node_modules\\fsevents'
59 silly reify ]
60 verbose reify failed optional dependency C:\Users\Phil\.me\Personal-Projects\campaign-tracker\node_modules\esbuild-windows-arm64
61 silly reify mark deleted [
61 silly reify   'C:\\Users\\Phil\\.me\\Personal-Projects\\campaign-tracker\\node_modules\\esbuild-windows-arm64'
61 silly reify ]
62 verbose reify failed optional dependency C:\Users\Phil\.me\Personal-Projects\campaign-tracker\node_modules\esbuild-windows-32
63 silly reify mark deleted [
63 silly reify   'C:\\Users\\Phil\\.me\\Personal-Projects\\campaign-tracker\\node_modules\\esbuild-windows-32'
63 silly reify ]
64 verbose reify failed optional dependency C:\Users\Phil\.me\Personal-Projects\campaign-tracker\node_modules\esbuild-sunos-64
65 silly reify mark deleted [
65 silly reify   'C:\\Users\\Phil\\.me\\Personal-Projects\\campaign-tracker\\node_modules\\esbuild-sunos-64'
65 silly reify ]
66 verbose reify failed optional dependency C:\Users\Phil\.me\Personal-Projects\campaign-tracker\node_modules\esbuild-openbsd-64
67 silly reify mark deleted [
67 silly reify   'C:\\Users\\Phil\\.me\\Personal-Projects\\campaign-tracker\\node_modules\\esbuild-openbsd-64'
67 silly reify ]
68 verbose reify failed optional dependency C:\Users\Phil\.me\Personal-Projects\campaign-tracker\node_modules\esbuild-netbsd-64
69 silly reify mark deleted [
69 silly reify   'C:\\Users\\Phil\\.me\\Personal-Projects\\campaign-tracker\\node_modules\\esbuild-netbsd-64'
69 silly reify ]
70 verbose reify failed optional dependency C:\Users\Phil\.me\Personal-Projects\campaign-tracker\node_modules\esbuild-linux-s390x
71 silly reify mark deleted [
71 silly reify   'C:\\Users\\Phil\\.me\\Personal-Projects\\campaign-tracker\\node_modules\\esbuild-linux-s390x'
71 silly reify ]
72 verbose reify failed optional dependency C:\Users\Phil\.me\Personal-Projects\campaign-tracker\node_modules\esbuild-linux-riscv64
73 silly reify mark deleted [
73 silly reify   'C:\\Users\\Phil\\.me\\Personal-Projects\\campaign-tracker\\node_modules\\esbuild-linux-riscv64'
73 silly reify ]
74 verbose reify failed optional dependency C:\Users\Phil\.me\Personal-Projects\campaign-tracker\node_modules\esbuild-linux-ppc64le
75 silly reify mark deleted [
75 silly reify   'C:\\Users\\Phil\\.me\\Personal-Projects\\campaign-tracker\\node_modules\\esbuild-linux-ppc64le'
75 silly reify ]
76 verbose reify failed optional dependency C:\Users\Phil\.me\Personal-Projects\campaign-tracker\node_modules\esbuild-linux-mips64le
77 silly reify mark deleted [
77 silly reify   'C:\\Users\\Phil\\.me\\Personal-Projects\\campaign-tracker\\node_modules\\esbuild-linux-mips64le'
77 silly reify ]
78 verbose reify failed optional dependency C:\Users\Phil\.me\Personal-Projects\campaign-tracker\node_modules\esbuild-linux-arm64
79 silly reify mark deleted [
79 silly reify   'C:\\Users\\Phil\\.me\\Personal-Projects\\campaign-tracker\\node_modules\\esbuild-linux-arm64'
79 silly reify ]
80 verbose reify failed optional dependency C:\Users\Phil\.me\Personal-Projects\campaign-tracker\node_modules\esbuild-linux-arm
81 silly reify mark deleted [
81 silly reify   'C:\\Users\\Phil\\.me\\Personal-Projects\\campaign-tracker\\node_modules\\esbuild-linux-arm'
81 silly reify ]
82 verbose reify failed optional dependency C:\Users\Phil\.me\Personal-Projects\campaign-tracker\node_modules\esbuild-linux-64
83 silly reify mark deleted [
83 silly reify   'C:\\Users\\Phil\\.me\\Personal-Projects\\campaign-tracker\\node_modules\\esbuild-linux-64'
83 silly reify ]
84 verbose reify failed optional dependency C:\Users\Phil\.me\Personal-Projects\campaign-tracker\node_modules\esbuild-linux-32
85 silly reify mark deleted [
85 silly reify   'C:\\Users\\Phil\\.me\\Personal-Projects\\campaign-tracker\\node_modules\\esbuild-linux-32'
85 silly reify ]
86 verbose reify failed optional dependency C:\Users\Phil\.me\Personal-Projects\campaign-tracker\node_modules\esbuild-freebsd-arm64
87 silly reify mark deleted [
87 silly reify   'C:\\Users\\Phil\\.me\\Personal-Projects\\campaign-tracker\\node_modules\\esbuild-freebsd-arm64'
87 silly reify ]
88 verbose reify failed optional dependency C:\Users\Phil\.me\Personal-Projects\campaign-tracker\node_modules\esbuild-freebsd-64
89 silly reify mark deleted [
89 silly reify   'C:\\Users\\Phil\\.me\\Personal-Projects\\campaign-tracker\\node_modules\\esbuild-freebsd-64'
89 silly reify ]
90 verbose reify failed optional dependency C:\Users\Phil\.me\Personal-Projects\campaign-tracker\node_modules\esbuild-darwin-arm64
91 silly reify mark deleted [
91 silly reify   'C:\\Users\\Phil\\.me\\Personal-Projects\\campaign-tracker\\node_modules\\esbuild-darwin-arm64'
91 silly reify ]
92 verbose reify failed optional dependency C:\Users\Phil\.me\Personal-Projects\campaign-tracker\node_modules\esbuild-darwin-64
93 silly reify mark deleted [
93 silly reify   'C:\\Users\\Phil\\.me\\Personal-Projects\\campaign-tracker\\node_modules\\esbuild-darwin-64'
93 silly reify ]
94 verbose reify failed optional dependency C:\Users\Phil\.me\Personal-Projects\campaign-tracker\node_modules\esbuild-android-arm64
95 silly reify mark deleted [
95 silly reify   'C:\\Users\\Phil\\.me\\Personal-Projects\\campaign-tracker\\node_modules\\esbuild-android-arm64'
95 silly reify ]
96 verbose reify failed optional dependency C:\Users\Phil\.me\Personal-Projects\campaign-tracker\node_modules\esbuild-android-64
97 silly reify mark deleted [
97 silly reify   'C:\\Users\\Phil\\.me\\Personal-Projects\\campaign-tracker\\node_modules\\esbuild-android-64'
97 silly reify ]
98 timing reifyNode:node_modules/nice-napi Completed in 9ms
99 timing reifyNode:node_modules/fsevents Completed in 9ms
100 timing reifyNode:node_modules/esbuild-windows-arm64 Completed in 9ms
101 timing reifyNode:node_modules/esbuild-windows-32 Completed in 9ms
102 timing reifyNode:node_modules/esbuild-sunos-64 Completed in 9ms
103 timing reifyNode:node_modules/esbuild-openbsd-64 Completed in 9ms
104 timing reifyNode:node_modules/esbuild-netbsd-64 Completed in 8ms
105 timing reifyNode:node_modules/esbuild-linux-s390x Completed in 8ms
106 timing reifyNode:node_modules/esbuild-linux-riscv64 Completed in 8ms
107 timing reifyNode:node_modules/esbuild-linux-ppc64le Completed in 9ms
108 timing reifyNode:node_modules/esbuild-linux-mips64le Completed in 9ms
109 timing reifyNode:node_modules/esbuild-linux-arm64 Completed in 9ms
110 timing reifyNode:node_modules/esbuild-linux-arm Completed in 9ms
111 timing reifyNode:node_modules/esbuild-linux-64 Completed in 9ms
112 timing reifyNode:node_modules/esbuild-linux-32 Completed in 9ms
113 timing reifyNode:node_modules/esbuild-freebsd-arm64 Completed in 9ms
114 timing reifyNode:node_modules/esbuild-freebsd-64 Completed in 9ms
115 timing reifyNode:node_modules/esbuild-darwin-arm64 Completed in 9ms
116 timing reifyNode:node_modules/esbuild-darwin-64 Completed in 9ms
117 timing reifyNode:node_modules/esbuild-android-arm64 Completed in 9ms
118 timing reifyNode:node_modules/esbuild-android-64 Completed in 9ms
119 timing reifyNode:node_modules/node-gyp-build Completed in 38ms
120 timing reifyNode:node_modules/node-addon-api Completed in 60ms
121 timing reify:unpack Completed in 60ms
122 timing reify:unretire Completed in 0ms
123 timing build:queue Completed in 1ms
124 timing build:link Completed in 1ms
125 timing build:deps Completed in 2ms
126 timing build Completed in 3ms
127 timing reify:build Completed in 3ms
128 timing reify:trash Completed in 11ms
129 timing reify:save Completed in 198ms
130 timing reify Completed in 1333ms
131 silly ADD
132 silly ADD
133 silly ADD
134 silly ADD
135 silly ADD
136 silly ADD
137 silly ADD
138 silly ADD
139 silly ADD
140 silly ADD
141 silly ADD
142 silly ADD
143 silly ADD
144 silly ADD
145 silly ADD
146 silly ADD
147 silly ADD
148 silly ADD
149 silly ADD
150 silly ADD
151 silly ADD
152 silly ADD
153 silly ADD
154 timing command:i Completed in 1352ms
155 verbose exit 0
156 timing npm Completed in 1463ms
157 info ok
