0 verbose cli C:\Program Files\nodejs\node.exe C:\Users\Phil\AppData\Roaming\npm\node_modules\npm\bin\npm-cli.js
1 info using npm@8.15.1
2 info using node@v16.14.2
3 timing npm:load:whichnode Completed in 1ms
4 timing config:load:defaults Completed in 1ms
5 timing config:load:file:C:\Users\Phil\AppData\Roaming\npm\node_modules\npm\npmrc Completed in 2ms
6 timing config:load:builtin Completed in 2ms
7 timing config:load:cli Completed in 0ms
8 timing config:load:env Completed in 1ms
9 timing config:load:file:C:\Users\Phil\.me\Personal-Projects\campaign-tracker\.npmrc Completed in 1ms
10 timing config:load:project Completed in 3ms
11 timing config:load:file:C:\Users\Phil\.npmrc Completed in 0ms
12 timing config:load:user Completed in 0ms
13 timing config:load:file:C:\Users\Phil\AppData\Roaming\npm\etc\npmrc Completed in 1ms
14 timing config:load:global Completed in 1ms
15 timing config:load:validate Completed in 0ms
16 timing config:load:credentials Completed in 1ms
17 timing config:load:setEnvs Completed in 0ms
18 timing config:load Completed in 11ms
19 timing npm:load:configload Completed in 11ms
20 timing npm:load:mkdirpcache Completed in 0ms
21 timing npm:load:mkdirplogs Completed in 1ms
22 verbose title npm run start:server
23 verbose argv "run" "start:server"
24 timing npm:load:setTitle Completed in 1ms
25 timing config:load:flatten Completed in 2ms
26 timing npm:load:display Completed in 4ms
27 verbose logfile logs-max:10 dir:C:\Users\Phil\.me\Personal-Projects\campaign-tracker\node_cache\_logs
28 verbose logfile C:\Users\Phil\.me\Personal-Projects\campaign-tracker\node_cache\_logs\2022-07-31T19_39_17_787Z-debug-0.log
29 timing npm:load:logFile Completed in 8ms
30 timing npm:load:timers Completed in 0ms
31 timing npm:load:configScope Completed in 0ms
32 timing npm:load Completed in 26ms
33 silly logfile start cleaning logs, removing 1 files
34 silly logfile done cleaning log files
35 timing command:run Completed in 6ms
36 verbose stack Error: Missing script: "start:server"
36 verbose stack
36 verbose stack Did you mean this?
36 verbose stack     npm run start-server # run the "start-server" package script
36 verbose stack
36 verbose stack To see a list of scripts, run:
36 verbose stack   npm run
36 verbose stack     at RunScript.run (C:\Users\Phil\AppData\Roaming\npm\node_modules\npm\lib\commands\run-script.js:98:13)
36 verbose stack     at async module.exports (C:\Users\Phil\AppData\Roaming\npm\node_modules\npm\lib\cli.js:78:5)
37 verbose cwd C:\Users\Phil\.me\Personal-Projects\campaign-tracker
38 verbose Windows_NT 10.0.22000
39 verbose node v16.14.2
40 verbose npm  v8.15.1
41 error Missing script: "start:server"
41 error
41 error Did you mean this?
41 error     npm run start-server # run the "start-server" package script
41 error
41 error To see a list of scripts, run:
41 error   npm run
42 verbose exit 1
43 timing npm Completed in 47ms
44 verbose code 1
45 error A complete log of this run can be found in:
45 error     C:\Users\Phil\.me\Personal-Projects\campaign-tracker\node_cache\_logs\2022-07-31T19_39_17_787Z-debug-0.log
