0 verbose cli C:\Program Files\nodejs\node.exe C:\Users\Phil\AppData\Roaming\npm\node_modules\npm\bin\npm-cli.js
1 info using npm@8.15.1
2 info using node@v16.14.2
3 timing npm:load:whichnode Completed in 1ms
4 timing config:load:defaults Completed in 2ms
5 timing config:load:file:C:\Users\Phil\AppData\Roaming\npm\node_modules\npm\npmrc Completed in 4ms
6 timing config:load:builtin Completed in 4ms
7 timing config:load:cli Completed in 3ms
8 timing config:load:env Completed in 1ms
9 timing config:load:file:c:\Users\Phil\.me\Personal-Projects\campaign-tracker\.npmrc Completed in 1ms
10 timing config:load:project Completed in 4ms
11 timing config:load:file:C:\Users\Phil\.npmrc Completed in 0ms
12 timing config:load:user Completed in 0ms
13 timing config:load:file:C:\Users\Phil\AppData\Roaming\npm\etc\npmrc Completed in 1ms
14 timing config:load:global Completed in 1ms
15 timing config:load:validate Completed in 1ms
16 timing config:load:credentials Completed in 1ms
17 timing config:load:setEnvs Completed in 2ms
18 timing config:load Completed in 19ms
19 timing npm:load:configload Completed in 19ms
20 timing npm:load:mkdirpcache Completed in 1ms
21 timing npm:load:mkdirplogs Completed in 1ms
22 verbose title npm view @angular-devkit/build-angular description dist-tags.latest homepage version
23 verbose argv "view" "--json" "@angular-devkit/build-angular" "description" "dist-tags.latest" "homepage" "version"
24 timing npm:load:setTitle Completed in 3ms
25 timing config:load:flatten Completed in 3ms
26 timing npm:load:display Completed in 4ms
27 verbose logfile logs-max:10 dir:c:\Users\Phil\.me\Personal-Projects\campaign-tracker\node_cache\_logs
28 verbose logfile c:\Users\Phil\.me\Personal-Projects\campaign-tracker\node_cache\_logs\2022-10-21T19_32_34_902Z-debug-0.log
29 timing npm:load:logFile Completed in 8ms
30 timing npm:load:timers Completed in 0ms
31 timing npm:load:configScope Completed in 0ms
32 timing npm:load Completed in 37ms
33 silly logfile start cleaning logs, removing 1 files
34 silly logfile done cleaning log files
35 http fetch GET 200 https://registry.npmjs.org/@angular-devkit%2fbuild-angular 311ms (cache miss)
36 timing command:view Completed in 369ms
37 verbose exit 0
38 timing npm Completed in 425ms
39 info ok
